[debug] [2026-05-25T10:17:25.451Z] ----------------------------------------------------------------------
[debug] [2026-05-25T10:17:25.457Z] Command:       C:\Program Files\nodejs\node.exe C:\Users\DELL\AppData\Roaming\npm\node_modules\firebase-tools\lib\bin\firebase.js emulators:start --only functions
[debug] [2026-05-25T10:17:25.458Z] CLI Version:   15.17.0
[debug] [2026-05-25T10:17:25.458Z] Platform:      win32
[debug] [2026-05-25T10:17:25.458Z] Node Version:  v24.14.1
[debug] [2026-05-25T10:17:25.459Z] Time:          Mon May 25 2026 03:17:25 GMT-0700 (Pacific Daylight Time)
[debug] [2026-05-25T10:17:25.459Z] ----------------------------------------------------------------------
[debug] 
[debug] [2026-05-25T10:17:28.929Z] > command requires scopes: ["email","openid","https://www.googleapis.com/auth/cloudplatformprojects.readonly","https://www.googleapis.com/auth/firebase","https://www.googleapis.com/auth/cloud-platform"]
[debug] [2026-05-25T10:17:28.930Z] > authorizing via signed-in user (michaelchimezie67@gmail.com)
[info] i  emulators: Starting emulators: functions {"metadata":{"emulator":{"name":"hub"},"message":"Starting emulators: functions"}}
[debug] [2026-05-25T10:17:28.980Z] [logging] Logging Emulator only supports listening on one address (127.0.0.1). Not listening on ::1
[debug] [2026-05-25T10:17:28.980Z] assigned listening specs for emulators {"user":{"hub":[{"address":"127.0.0.1","family":"IPv4","port":4400},{"address":"::1","family":"IPv6","port":4400}],"ui":[{"address":"127.0.0.1","family":"IPv4","port":4000},{"address":"::1","family":"IPv6","port":4000}],"logging":[{"address":"127.0.0.1","family":"IPv4","port":4500}]},"metadata":{"message":"assigned listening specs for emulators"}}
[debug] [2026-05-25T10:17:28.992Z] Found emulator hub locator: {"version":"15.17.0","origins":["http://127.0.0.1:4400","http://[::1]:4400"],"pid":904}
[debug] [2026-05-25T10:17:28.996Z] Write emulator hub locator at C:\Users\DELL\AppData\Local\Temp\hub-dearest-mide-blog-49a62.json
[debug] [2026-05-25T10:17:29.044Z] [functions] Functions Emulator only supports listening on one address (127.0.0.1). Not listening on ::1
[debug] [2026-05-25T10:17:29.045Z] [eventarc] Eventarc Emulator only supports listening on one address (127.0.0.1). Not listening on ::1
[debug] [2026-05-25T10:17:29.045Z] [tasks] Cloud Tasks Emulator only supports listening on one address (127.0.0.1). Not listening on ::1
[debug] [2026-05-25T10:17:29.045Z] late-assigned ports for functions and eventarc emulators {"user":{"hub":[{"address":"127.0.0.1","family":"IPv4","port":4400},{"address":"::1","family":"IPv6","port":4400}],"ui":[{"address":"127.0.0.1","family":"IPv4","port":4000},{"address":"::1","family":"IPv6","port":4000}],"logging":[{"address":"127.0.0.1","family":"IPv4","port":4500}],"functions":[{"address":"127.0.0.1","family":"IPv4","port":5001}],"eventarc":[{"address":"127.0.0.1","family":"IPv4","port":9299}],"tasks":[{"address":"127.0.0.1","family":"IPv4","port":9499}]},"metadata":{"message":"late-assigned ports for functions and eventarc emulators"}}
[warn] !  functions: The following emulators are not running, calls to these services from the Functions emulator will affect production: apphosting, auth, firestore, database, hosting, pubsub, storage, dataconnect {"metadata":{"emulator":{"name":"functions"},"message":"The following emulators are not running, calls to these services from the Functions emulator will affect production: \u001b[1mapphosting, auth, firestore, database, hosting, pubsub, storage, dataconnect\u001b[22m"}}
[debug] [2026-05-25T10:17:29.114Z] defaultcredentials: writing to file C:\Users\DELL\AppData\Roaming\firebase\michaelchimezie67_gmail_com_application_default_credentials.json
[debug] [2026-05-25T10:17:29.117Z] Setting GAC to C:\Users\DELL\AppData\Roaming\firebase\michaelchimezie67_gmail_com_application_default_credentials.json {"metadata":{"emulator":{"name":"functions"},"message":"Setting GAC to C:\\Users\\DELL\\AppData\\Roaming\\firebase\\michaelchimezie67_gmail_com_application_default_credentials.json"}}
[debug] [2026-05-25T10:17:29.119Z] Checked if tokens are valid: true, expires at: 1779706736269
[debug] [2026-05-25T10:17:29.119Z] Checked if tokens are valid: true, expires at: 1779706736269
[debug] [2026-05-25T10:17:29.120Z] >>> [apiv2][query] GET https://firebase.googleapis.com/v1beta1/projects/dearest-mide-blog-49a62/adminSdkConfig [none]
[debug] [2026-05-25T10:17:30.329Z] <<< [apiv2][status] GET https://firebase.googleapis.com/v1beta1/projects/dearest-mide-blog-49a62/adminSdkConfig 200
[debug] [2026-05-25T10:17:30.330Z] <<< [apiv2][body] GET https://firebase.googleapis.com/v1beta1/projects/dearest-mide-blog-49a62/adminSdkConfig {"projectId":"dearest-mide-blog-49a62","storageBucket":"dearest-mide-blog-49a62.firebasestorage.app"}
[info] i  functions: Watching "C:\Users\DELL\Desktop\lillylucky\functions" for Cloud Functions... {"metadata":{"emulator":{"name":"functions"},"message":"Watching \"C:\\Users\\DELL\\Desktop\\lillylucky\\functions\" for Cloud Functions..."}}
[debug] [2026-05-25T10:17:30.431Z] Validating nodejs source
[warn] !  functions: package.json indicates an outdated version of firebase-functions. Please upgrade using npm install --save firebase-functions@latest in your functions directory. 
[warn] !  functions: Please note that there will be breaking changes when you upgrade. 
[debug] [2026-05-25T10:17:34.402Z] > [functions] package.json contents: {
  "name": "functions",
  "description": "Cloud Functions for Firebase",
  "scripts": {
    "lint": "eslint .",
    "serve": "firebase emulators:start --only functions",
    "shell": "firebase functions:shell",
    "start": "npm run shell",
    "deploy": "firebase deploy --only functions",
    "logs": "firebase functions:log"
  },
  "engines": {
    "node": "24"
  },
  "main": "index.js",
  "dependencies": {
    "@sendgrid/mail": "^8.1.6",
    "firebase-admin": "^10.3.0",
    "firebase-functions": "^4.9.0",
    "nodemailer": "^8.0.7",
    "resend": "^6.12.3"
  },
  "devDependencies": {
    "eslint": "^8.15.0",
    "eslint-config-google": "^0.14.0",
    "firebase-functions-test": "^3.4.1"
  },
  "private": true
}
[debug] [2026-05-25T10:17:34.403Z] Building nodejs source
[debug] [2026-05-25T10:17:34.403Z] Failed to find version of module node: reached end of search path C:\Users\DELL\Desktop\lillylucky\functions\node_modules
[info] +  functions: Using node@24 from host. 
[info] i  functions: Loaded environment variables from .env.local. 
[info] i  functions: You are using a version of firebase-functions SDK (4.9.0) that does not have support for the newest Firebase Extensions features. Please update firebase-functions SDK to >=5.1.0 to use them correctly 
[debug] [2026-05-25T10:17:34.414Z] Could not find functions.yaml. Must use http discovery
[debug] [2026-05-25T10:17:34.469Z] Found firebase-functions binary at 'C:\Users\DELL\Desktop\lillylucky\functions\node_modules\.bin\firebase-functions'
[info] Serving at port 8638

[debug] [2026-05-25T10:17:37.137Z] Got response from /__/functions.yaml {"endpoints":{"sendUserApprovalEmail":{"availableMemoryMb":null,"timeoutSeconds":null,"minInstances":null,"maxInstances":null,"ingressSettings":null,"concurrency":null,"serviceAccountEmail":null,"vpc":null,"platform":"gcfv2","labels":{},"eventTrigger":{"eventType":"google.cloud.firestore.document.v1.written","eventFilters":{"database":"(default)","namespace":"(default)"},"eventFilterPathPatterns":{"document":"users/{userId}"},"retry":false},"entryPoint":"sendUserApprovalEmail"},"testEmail":{"availableMemoryMb":null,"timeoutSeconds":null,"minInstances":null,"maxInstances":null,"ingressSettings":null,"concurrency":null,"serviceAccountEmail":null,"vpc":null,"platform":"gcfv2","labels":{},"httpsTrigger":{},"entryPoint":"testEmail"}},"specVersion":"v1alpha1","requiredAPIs":[]}
[info] +  functions: Loaded functions definitions from source: sendUserApprovalEmail, testEmail. {"metadata":{"emulator":{"name":"functions"},"message":"Loaded functions definitions from source: sendUserApprovalEmail, testEmail."}}
[info] i  functions[us-central1-sendUserApprovalEmail]: function ignored because the firestore emulator does not exist or is not running. {"metadata":{"emulator":{"name":"functions"},"message":"function ignored because the firestore emulator does not exist or is not running."}}
[info] +  functions[us-central1-testEmail]: http function initialized (http://127.0.0.1:5001/dearest-mide-blog-49a62/us-central1/testEmail). {"metadata":{"emulator":{"name":"functions"},"message":"\u001b[1mhttp\u001b[22m function initialized (http://127.0.0.1:5001/dearest-mide-blog-49a62/us-central1/testEmail)."}}
[debug] [2026-05-25T10:17:41.402Z] Could not find VSCode notification endpoint: FetchError: request to http://localhost:40001/vscode/notify failed, reason: . If you are not running the Firebase SQL Connect VSCode extension, this is expected and not an issue.
[info] 
┌─────────────────────────────────────────────────────────────┐
│ ✔  All emulators ready! It is now safe to connect your app. │
│ i  View Emulator UI at http://127.0.0.1:4000/               │
└─────────────────────────────────────────────────────────────┘

┌───────────┬────────────────┬─────────────────────────────────┐
│ Emulator  │ Host:Port      │ View in Emulator UI             │
├───────────┼────────────────┼─────────────────────────────────┤
│ Functions │ 127.0.0.1:5001 │ http://127.0.0.1:4000/functions │
└───────────┴────────────────┴─────────────────────────────────┘
  Emulator Hub host: 127.0.0.1 port: 4400
  Other reserved ports: 4500

Issues? Report them at https://github.com/firebase/firebase-tools/issues and attach the *-debug.log files.
 
[debug] [2026-05-25T12:50:21.753Z] File C:\Users\DELL\Desktop\lillylucky\functions\index.js changed, reloading triggers {"metadata":{"emulator":{"name":"functions"},"message":"File C:\\Users\\DELL\\Desktop\\lillylucky\\functions\\index.js changed, reloading triggers"}}
[debug] [2026-05-25T12:50:22.883Z] Validating nodejs source
[debug] [2026-05-25T12:50:33.113Z] checkFunctionsSDKVersion was unable to fetch information from NPM Error: spawnSync C:\Windows\system32\cmd.exe ETIMEDOUT
    at Object.spawnSync (node:internal/child_process:1119:20)
    at Object.spawnSync (node:child_process:911:24)
    at spawn.spawnSync [as sync] (C:\Users\DELL\AppData\Roaming\npm\node_modules\firebase-tools\node_modules\cross-spawn\index.js:26:23)
    at Object.getLatestSDKVersion (C:\Users\DELL\AppData\Roaming\npm\node_modules\firebase-tools\lib\deploy\functions\runtimes\node\versioning.js:55:25)
    at Object.checkFunctionsSDKVersion (C:\Users\DELL\AppData\Roaming\npm\node_modules\firebase-tools\lib\deploy\functions\runtimes\node\versioning.js:74:32)
    at Delegate.validate (C:\Users\DELL\AppData\Roaming\npm\node_modules\firebase-tools\lib\deploy\functions\runtimes\node\index.js:88:20)
    at FunctionsEmulator.discoverTriggers (C:\Users\DELL\AppData\Roaming\npm\node_modules\firebase-tools\lib\emulator\functionsEmulator.js:352:35)
    at async FunctionsEmulator.loadTriggers (C:\Users\DELL\AppData\Roaming\npm\node_modules\firebase-tools\lib\emulator\functionsEmulator.js:399:34)
[debug] [2026-05-25T12:50:33.135Z] > [functions] package.json contents: {
  "name": "functions",
  "description": "Cloud Functions for Firebase",
  "scripts": {
    "lint": "eslint .",
    "serve": "firebase emulators:start --only functions",
    "shell": "firebase functions:shell",
    "start": "npm run shell",
    "deploy": "firebase deploy --only functions",
    "logs": "firebase functions:log"
  },
  "engines": {
    "node": "24"
  },
  "main": "index.js",
  "dependencies": {
    "@sendgrid/mail": "^8.1.6",
    "firebase-admin": "^10.3.0",
    "firebase-functions": "^4.9.0",
    "nodemailer": "^8.0.7",
    "resend": "^6.12.3"
  },
  "devDependencies": {
    "eslint": "^8.15.0",
    "eslint-config-google": "^0.14.0",
    "firebase-functions-test": "^3.4.1"
  },
  "private": true
}
[debug] [2026-05-25T12:50:33.136Z] Building nodejs source
[debug] [2026-05-25T12:50:33.138Z] Failed to find version of module node: reached end of search path C:\Users\DELL\Desktop\lillylucky\functions\node_modules
[info] +  functions: Using node@24 from host. 
[info] i  functions: Loaded environment variables from .env.local. 
[info] i  functions: You are using a version of firebase-functions SDK (4.9.0) that does not have support for the newest Firebase Extensions features. Please update firebase-functions SDK to >=5.1.0 to use them correctly 
[debug] [2026-05-25T12:50:33.264Z] Could not find functions.yaml. Must use http discovery
[debug] [2026-05-25T12:50:33.409Z] Found firebase-functions binary at 'C:\Users\DELL\Desktop\lillylucky\functions\node_modules\.bin\firebase-functions'
[info] Serving at port 8410

[error] {"severity":"WARNING","message":"Resend is not configured: missing RESEND_API_KEY in Functions env vars"}

[debug] [2026-05-25T12:50:37.604Z] Got response from /__/functions.yaml {"endpoints":{"sendUserApprovalEmail":{"availableMemoryMb":null,"timeoutSeconds":null,"minInstances":null,"maxInstances":null,"ingressSettings":null,"concurrency":null,"serviceAccountEmail":null,"vpc":null,"platform":"gcfv2","labels":{},"eventTrigger":{"eventType":"google.cloud.firestore.document.v1.written","eventFilters":{"database":"(default)","namespace":"(default)"},"eventFilterPathPatterns":{"document":"users/{userId}"},"retry":false},"entryPoint":"sendUserApprovalEmail"},"testEmail":{"availableMemoryMb":null,"timeoutSeconds":null,"minInstances":null,"maxInstances":null,"ingressSettings":null,"concurrency":null,"serviceAccountEmail":null,"vpc":null,"platform":"gcfv2","labels":{},"httpsTrigger":{},"entryPoint":"testEmail"}},"specVersion":"v1alpha1","requiredAPIs":[]}
[info] +  functions: Loaded functions definitions from source: sendUserApprovalEmail, testEmail. {"metadata":{"emulator":{"name":"functions"},"message":"Loaded functions definitions from source: sendUserApprovalEmail, testEmail."}}
