[debug] [2026-05-11T14:05:57.410Z] ----------------------------------------------------------------------
[debug] [2026-05-11T14:05:57.415Z] Command:       C:\Program Files\nodejs\node.exe C:\Users\DELL\AppData\Roaming\npm\node_modules\firebase-tools\lib\bin\firebase.js init functions
[debug] [2026-05-11T14:05:57.416Z] CLI Version:   15.17.0
[debug] [2026-05-11T14:05:57.416Z] Platform:      win32
[debug] [2026-05-11T14:05:57.416Z] Node Version:  v24.14.1
[debug] [2026-05-11T14:05:57.417Z] Time:          Mon May 11 2026 07:05:57 GMT-0700 (Pacific Daylight Time)
[debug] [2026-05-11T14:05:57.417Z] ----------------------------------------------------------------------
[debug] 
[info] 
     ######## #### ########  ######## ########     ###     ######  ########
     ##        ##  ##     ## ##       ##     ##  ##   ##  ##       ##
     ######    ##  ########  ######   ########  #########  ######  ######
     ##        ##  ##    ##  ##       ##     ## ##     ##       ## ##
     ##       #### ##     ## ######## ########  ##     ##  ######  ########

You're about to initialize a Firebase project in this directory:

  C:\Users\DELL\Desktop\lillylucky

[info] 
=== Project Setup
[info] 
[info] First, let's associate this project directory with a Firebase project.
[info] You can create multiple project aliases by running firebase use --add, 
[info] 
[debug] [2026-05-11T14:12:47.635Z] > command requires scopes: ["email","openid","https://www.googleapis.com/auth/cloudplatformprojects.readonly","https://www.googleapis.com/auth/firebase","https://www.googleapis.com/auth/cloud-platform"]
[debug] [2026-05-11T14:12:47.636Z] > authorizing via signed-in user (michaelchimezie67@gmail.com)
[debug] [2026-05-11T14:12:47.639Z] Checked if tokens are valid: true, expires at: 1778511167456
[debug] [2026-05-11T14:12:47.641Z] Checked if tokens are valid: true, expires at: 1778511167456
[debug] [2026-05-11T14:12:47.646Z] >>> [apiv2][query] GET https://firebase.googleapis.com/v1beta1/projects pageSize=100
[debug] [2026-05-11T14:12:52.387Z] <<< [apiv2][status] GET https://firebase.googleapis.com/v1beta1/projects 200
[debug] [2026-05-11T14:12:52.388Z] <<< [apiv2][body] GET https://firebase.googleapis.com/v1beta1/projects [omitted]
[debug] [2026-05-11T14:40:23.603Z] ExitPromptError: User force closed the prompt with SIGINT
    at Interface.sigint (C:\Users\DELL\AppData\Roaming\npm\node_modules\firebase-tools\node_modules\@inquirer\core\dist\commonjs\lib\create-prompt.js:101:37)
    at Interface.emit (node:events:508:28)
    at [_ttyWrite] [as _ttyWrite] (node:internal/readline/interface:1327:18)
    at ReadStream.onkeypress (node:internal/readline/interface:284:20)
    at ReadStream.emit (node:events:520:35)
    at emitKeys (node:internal/readline/utils:371:14)
    at emitKeys.next (<anonymous>)
    at ReadStream.onData (node:internal/readline/emitKeypressEvents:64:36)
    at ReadStream.emit (node:events:508:28)
    at addChunk (node:internal/streams/readable:563:12)
[error] 
[error] Error: An unexpected error has occurred.
